This file contains any messages produced by compilers while
running configure, to aid debugging if configure makes a mistake.

It was created by lescegra--image-loader configure 0.0.20051023, which was
generated by GNU Autoconf 2.59.  Invocation command line was

  $ ./configure 

## --------- ##
## Platform. ##
## --------- ##

hostname = maurice
uname -m = i686
uname -r = 2.6.32-45-generic
uname -s = Linux
uname -v = #102-Ubuntu SMP Wed Jan 2 21:53:06 UTC 2013

/usr/bin/uname -p = unknown
/bin/uname -X     = unknown

/bin/arch              = unknown
/usr/bin/arch -k       = unknown
/usr/convex/getsysinfo = unknown
hostinfo               = unknown
/bin/machine           = unknown
/usr/bin/oslevel       = unknown
/bin/universe          = unknown

PATH: /usr/local/sbin
PATH: /usr/local/bin
PATH: /usr/sbin
PATH: /usr/bin
PATH: /sbin
PATH: /bin
PATH: /usr/games


## ----------- ##
## Core tests. ##
## ----------- ##

configure:1428: checking build system type
configure:1446: result: i686-pc-linux-gnu
configure:1454: checking host system type
configure:1468: result: i686-pc-linux-gnu
configure:1524: checking for gcc
configure:1540: found /usr/bin/gcc
configure:1550: result: gcc
configure:1794: checking for C compiler version
configure:1797: gcc --version </dev/null >&5
gcc (Ubuntu 4.4.3-4ubuntu5.1) 4.4.3
Copyright (C) 2009 Free Software Foundation, Inc.
This is free software; see the source for copying conditions.  There is NO
warranty; not even for MERCHANTABILITY or FITNESS FOR A PARTICULAR PURPOSE.

configure:1800: $? = 0
configure:1802: gcc -v </dev/null >&5
Using built-in specs.
Target: i486-linux-gnu
Configured with: ../src/configure -v --with-pkgversion='Ubuntu 4.4.3-4ubuntu5.1' --with-bugurl=file:///usr/share/doc/gcc-4.4/README.Bugs --enable-languages=c,c++,fortran,objc,obj-c++ --prefix=/usr --enable-shared --enable-multiarch --enable-linker-build-id --with-system-zlib --libexecdir=/usr/lib --without-included-gettext --enable-threads=posix --with-gxx-include-dir=/usr/include/c++/4.4 --program-suffix=-4.4 --enable-nls --enable-clocale=gnu --enable-libstdcxx-debug --enable-plugin --enable-objc-gc --enable-targets=all --disable-werror --with-arch-32=i486 --with-tune=generic --enable-checking=release --build=i486-linux-gnu --host=i486-linux-gnu --target=i486-linux-gnu
Thread model: posix
gcc version 4.4.3 (Ubuntu 4.4.3-4ubuntu5.1) 
configure:1805: $? = 0
configure:1807: gcc -V </dev/null >&5
gcc: '-V' option must have argument
configure:1810: $? = 1
configure:1833: checking for C compiler default output file name
configure:1836: gcc    conftest.c  >&5
configure:1839: $? = 0
configure:1885: result: a.out
configure:1890: checking whether the C compiler works
configure:1896: ./a.out
configure:1899: $? = 0
configure:1916: result: yes
configure:1923: checking whether we are cross compiling
configure:1925: result: no
configure:1928: checking for suffix of executables
configure:1930: gcc -o conftest    conftest.c  >&5
configure:1933: $? = 0
configure:1958: result: 
configure:1964: checking for suffix of object files
configure:1985: gcc -c   conftest.c >&5
configure:1988: $? = 0
configure:2010: result: o
configure:2014: checking whether we are using the GNU C compiler
configure:2038: gcc -c   conftest.c >&5
configure:2044: $? = 0
configure:2047: test -z 			 || test ! -s conftest.err
configure:2050: $? = 0
configure:2053: test -s conftest.o
configure:2056: $? = 0
configure:2069: result: yes
configure:2075: checking whether gcc accepts -g
configure:2096: gcc -c -g  conftest.c >&5
configure:2102: $? = 0
configure:2105: test -z 			 || test ! -s conftest.err
configure:2108: $? = 0
configure:2111: test -s conftest.o
configure:2114: $? = 0
configure:2125: result: yes
configure:2142: checking for gcc option to accept ANSI C
configure:2212: gcc  -c -g -O2  conftest.c >&5
configure:2218: $? = 0
configure:2221: test -z 			 || test ! -s conftest.err
configure:2224: $? = 0
configure:2227: test -s conftest.o
configure:2230: $? = 0
configure:2248: result: none needed
configure:2266: gcc -c -g -O2  conftest.c >&5
conftest.c:2: error: expected '=', ',', ';', 'asm' or '__attribute__' before 'me'
configure:2272: $? = 1
configure: failed program was:
| #ifndef __cplusplus
|   choke me
| #endif
configure:2407: checking how to run the C preprocessor
configure:2442: gcc -E  conftest.c
configure:2448: $? = 0
configure:2480: gcc -E  conftest.c
conftest.c:11:28: error: ac_nonexistent.h: No such file or directory
configure:2486: $? = 1
configure: failed program was:
| /* confdefs.h.  */
| 
| #define PACKAGE_NAME "lescegra--image-loader"
| #define PACKAGE_TARNAME "lescegra--image-loader"
| #define PACKAGE_VERSION "0.0.20051023"
| #define PACKAGE_STRING "lescegra--image-loader 0.0.20051023"
| #define PACKAGE_BUGREPORT "uebergeek@web.de"
| #define PKG_MAINTAINER "Enno Cramer <uebergeek@web.de>"
| #define PKG_REVISION "unknown"
| /* end confdefs.h.  */
| #include <ac_nonexistent.h>
configure:2525: result: gcc -E
configure:2549: gcc -E  conftest.c
configure:2555: $? = 0
configure:2587: gcc -E  conftest.c
conftest.c:11:28: error: ac_nonexistent.h: No such file or directory
configure:2593: $? = 1
configure: failed program was:
| /* confdefs.h.  */
| 
| #define PACKAGE_NAME "lescegra--image-loader"
| #define PACKAGE_TARNAME "lescegra--image-loader"
| #define PACKAGE_VERSION "0.0.20051023"
| #define PACKAGE_STRING "lescegra--image-loader 0.0.20051023"
| #define PACKAGE_BUGREPORT "uebergeek@web.de"
| #define PKG_MAINTAINER "Enno Cramer <uebergeek@web.de>"
| #define PKG_REVISION "unknown"
| /* end confdefs.h.  */
| #include <ac_nonexistent.h>
configure:2638: checking for ar
configure:2654: found /usr/bin/ar
configure:2664: result: ar
configure:2674: checking for makedepend
configure:2701: result: :
configure:2710: checking for NaturalDocs
configure:2739: result: no
configure:2746: checking for an ANSI C-conforming const
configure:2813: gcc -c -g -O2  conftest.c >&5
configure:2819: $? = 0
configure:2822: test -z 			 || test ! -s conftest.err
configure:2825: $? = 0
configure:2828: test -s conftest.o
configure:2831: $? = 0
configure:2842: result: yes
configure:2852: checking for inline
configure:2873: gcc -c -g -O2  conftest.c >&5
configure:2879: $? = 0
configure:2882: test -z 			 || test ! -s conftest.err
configure:2885: $? = 0
configure:2888: test -s conftest.o
configure:2891: $? = 0
configure:2903: result: inline
configure:2922: checking whether byte ordering is bigendian
configure:2949: gcc -c -g -O2  conftest.c >&5
configure:2955: $? = 0
configure:2958: test -z 			 || test ! -s conftest.err
configure:2961: $? = 0
configure:2964: test -s conftest.o
configure:2967: $? = 0
configure:2991: gcc -c -g -O2  conftest.c >&5
conftest.c: In function 'main':
conftest.c:18: error: 'not' undeclared (first use in this function)
conftest.c:18: error: (Each undeclared identifier is reported only once
conftest.c:18: error: for each function it appears in.)
conftest.c:18: error: expected ';' before 'big'
configure:2997: $? = 1
configure: failed program was:
| /* confdefs.h.  */
| 
| #define PACKAGE_NAME "lescegra--image-loader"
| #define PACKAGE_TARNAME "lescegra--image-loader"
| #define PACKAGE_VERSION "0.0.20051023"
| #define PACKAGE_STRING "lescegra--image-loader 0.0.20051023"
| #define PACKAGE_BUGREPORT "uebergeek@web.de"
| #define PKG_MAINTAINER "Enno Cramer <uebergeek@web.de>"
| #define PKG_REVISION "unknown"
| /* end confdefs.h.  */
| #include <sys/types.h>
| #include <sys/param.h>
| 
| int
| main ()
| {
| #if BYTE_ORDER != BIG_ENDIAN
|  not big endian
| #endif
| 
|   ;
|   return 0;
| }
configure:3130: result: no
configure:3151: checking for egrep
configure:3161: result: grep -E
configure:3166: checking for ANSI C header files
configure:3191: gcc -c -g -O2  conftest.c >&5
configure:3197: $? = 0
configure:3200: test -z 			 || test ! -s conftest.err
configure:3203: $? = 0
configure:3206: test -s conftest.o
configure:3209: $? = 0
configure:3298: gcc -o conftest -g -O2   conftest.c  >&5
conftest.c: In function 'main':
conftest.c:28: warning: incompatible implicit declaration of built-in function 'exit'
configure:3301: $? = 0
configure:3303: ./conftest
configure:3306: $? = 0
configure:3321: result: yes
configure:3345: checking for sys/types.h
configure:3361: gcc -c -g -O2  conftest.c >&5
configure:3367: $? = 0
configure:3370: test -z 			 || test ! -s conftest.err
configure:3373: $? = 0
configure:3376: test -s conftest.o
configure:3379: $? = 0
configure:3390: result: yes
configure:3345: checking for sys/stat.h
configure:3361: gcc -c -g -O2  conftest.c >&5
configure:3367: $? = 0
configure:3370: test -z 			 || test ! -s conftest.err
configure:3373: $? = 0
configure:3376: test -s conftest.o
configure:3379: $? = 0
configure:3390: result: yes
configure:3345: checking for stdlib.h
configure:3361: gcc -c -g -O2  conftest.c >&5
configure:3367: $? = 0
configure:3370: test -z 			 || test ! -s conftest.err
configure:3373: $? = 0
configure:3376: test -s conftest.o
configure:3379: $? = 0
configure:3390: result: yes
configure:3345: checking for string.h
configure:3361: gcc -c -g -O2  conftest.c >&5
configure:3367: $? = 0
configure:3370: test -z 			 || test ! -s conftest.err
configure:3373: $? = 0
configure:3376: test -s conftest.o
configure:3379: $? = 0
configure:3390: result: yes
configure:3345: checking for memory.h
configure:3361: gcc -c -g -O2  conftest.c >&5
configure:3367: $? = 0
configure:3370: test -z 			 || test ! -s conftest.err
configure:3373: $? = 0
configure:3376: test -s conftest.o
configure:3379: $? = 0
configure:3390: result: yes
configure:3345: checking for strings.h
configure:3361: gcc -c -g -O2  conftest.c >&5
configure:3367: $? = 0
configure:3370: test -z 			 || test ! -s conftest.err
configure:3373: $? = 0
configure:3376: test -s conftest.o
configure:3379: $? = 0
configure:3390: result: yes
configure:3345: checking for inttypes.h
configure:3361: gcc -c -g -O2  conftest.c >&5
configure:3367: $? = 0
configure:3370: test -z 			 || test ! -s conftest.err
configure:3373: $? = 0
configure:3376: test -s conftest.o
configure:3379: $? = 0
configure:3390: result: yes
configure:3345: checking for stdint.h
configure:3361: gcc -c -g -O2  conftest.c >&5
configure:3367: $? = 0
configure:3370: test -z 			 || test ! -s conftest.err
configure:3373: $? = 0
configure:3376: test -s conftest.o
configure:3379: $? = 0
configure:3390: result: yes
configure:3345: checking for unistd.h
configure:3361: gcc -c -g -O2  conftest.c >&5
configure:3367: $? = 0
configure:3370: test -z 			 || test ! -s conftest.err
configure:3373: $? = 0
configure:3376: test -s conftest.o
configure:3379: $? = 0
configure:3390: result: yes
configure:3402: checking for short int
configure:3426: gcc -c -g -O2  conftest.c >&5
configure:3432: $? = 0
configure:3435: test -z 			 || test ! -s conftest.err
configure:3438: $? = 0
configure:3441: test -s conftest.o
configure:3444: $? = 0
configure:3455: result: yes
configure:3458: checking size of short int
configure:3770: gcc -o conftest -g -O2   conftest.c  >&5
configure:3773: $? = 0
configure:3775: ./conftest
configure:3778: $? = 0
configure:3801: result: 2
configure:3808: checking for int
configure:3832: gcc -c -g -O2  conftest.c >&5
configure:3838: $? = 0
configure:3841: test -z 			 || test ! -s conftest.err
configure:3844: $? = 0
configure:3847: test -s conftest.o
configure:3850: $? = 0
configure:3861: result: yes
configure:3864: checking size of int
configure:4176: gcc -o conftest -g -O2   conftest.c  >&5
configure:4179: $? = 0
configure:4181: ./conftest
configure:4184: $? = 0
configure:4207: result: 4
configure:4214: checking for long int
configure:4238: gcc -c -g -O2  conftest.c >&5
configure:4244: $? = 0
configure:4247: test -z 			 || test ! -s conftest.err
configure:4250: $? = 0
configure:4253: test -s conftest.o
configure:4256: $? = 0
configure:4267: result: yes
configure:4270: checking size of long int
configure:4582: gcc -o conftest -g -O2   conftest.c  >&5
configure:4585: $? = 0
configure:4587: ./conftest
configure:4590: $? = 0
configure:4613: result: 4
configure:4628: checking for snprintf
configure:4685: gcc -o conftest -g -O2   conftest.c  >&5
conftest.c:48: warning: conflicting types for built-in function 'snprintf'
configure:4691: $? = 0
configure:4694: test -z 			 || test ! -s conftest.err
configure:4697: $? = 0
configure:4700: test -s conftest
configure:4703: $? = 0
configure:4715: result: yes
configure:4628: checking for vsnprintf
configure:4685: gcc -o conftest -g -O2   conftest.c  >&5
conftest.c:49: warning: conflicting types for built-in function 'vsnprintf'
configure:4691: $? = 0
configure:4694: test -z 			 || test ! -s conftest.err
configure:4697: $? = 0
configure:4700: test -s conftest
configure:4703: $? = 0
configure:4715: result: yes
configure:4628: checking for fconvert
configure:4685: gcc -o conftest -g -O2   conftest.c  >&5
/tmp/ccrGWDHK.o: In function `main':
/home/maurice/Uni/5.Semester/CG2_Uebung/cg2_08/ueb05/imageLoader/conftest.c:65: undefined reference to `fconvert'
/tmp/ccrGWDHK.o:(.data+0x0): undefined reference to `fconvert'
collect2: ld returned 1 exit status
configure:4691: $? = 1
configure: failed program was:
| /* confdefs.h.  */
| 
| #define PACKAGE_NAME "lescegra--image-loader"
| #define PACKAGE_TARNAME "lescegra--image-loader"
| #define PACKAGE_VERSION "0.0.20051023"
| #define PACKAGE_STRING "lescegra--image-loader 0.0.20051023"
| #define PACKAGE_BUGREPORT "uebergeek@web.de"
| #define PKG_MAINTAINER "Enno Cramer <uebergeek@web.de>"
| #define PKG_REVISION "unknown"
| #define STDC_HEADERS 1
| #define HAVE_SYS_TYPES_H 1
| #define HAVE_SYS_STAT_H 1
| #define HAVE_STDLIB_H 1
| #define HAVE_STRING_H 1
| #define HAVE_MEMORY_H 1
| #define HAVE_STRINGS_H 1
| #define HAVE_INTTYPES_H 1
| #define HAVE_STDINT_H 1
| #define HAVE_UNISTD_H 1
| #define SIZEOF_SHORT_INT 2
| #define SIZEOF_INT 4
| #define SIZEOF_LONG_INT 4
| #define HAVE_SNPRINTF 1
| #define HAVE_VSNPRINTF 1
| /* end confdefs.h.  */
| /* Define fconvert to an innocuous variant, in case <limits.h> declares fconvert.
|    For example, HP-UX 11i <limits.h> declares gettimeofday.  */
| #define fconvert innocuous_fconvert
| 
| /* System header to define __stub macros and hopefully few prototypes,
|     which can conflict with char fconvert (); below.
|     Prefer <limits.h> to <assert.h> if __STDC__ is defined, since
|     <limits.h> exists even on freestanding compilers.  */
| 
| #ifdef __STDC__
| # include <limits.h>
| #else
| # include <assert.h>
| #endif
| 
| #undef fconvert
| 
| /* Override any gcc2 internal prototype to avoid an error.  */
| #ifdef __cplusplus
| extern "C"
| {
| #endif
| /* We use char because int might match the return type of a gcc2
|    builtin and then its argument prototype would still apply.  */
| char fconvert ();
| /* The GNU C library defines this for functions which it implements
|     to always fail with ENOSYS.  Some functions are actually named
|     something starting with __ and the normal name is an alias.  */
| #if defined (__stub_fconvert) || defined (__stub___fconvert)
| choke me
| #else
| char (*f) () = fconvert;
| #endif
| #ifdef __cplusplus
| }
| #endif
| 
| int
| main ()
| {
| return f != fconvert;
|   ;
|   return 0;
| }
configure:4715: result: no
configure:4628: checking for fcvt
configure:4685: gcc -o conftest -g -O2   conftest.c  >&5
configure:4691: $? = 0
configure:4694: test -z 			 || test ! -s conftest.err
configure:4697: $? = 0
configure:4700: test -s conftest
configure:4703: $? = 0
configure:4715: result: yes
configure:4736: checking execinfo.h usability
configure:4748: gcc -c -g -O2  conftest.c >&5
configure:4754: $? = 0
configure:4757: test -z 			 || test ! -s conftest.err
configure:4760: $? = 0
configure:4763: test -s conftest.o
configure:4766: $? = 0
configure:4776: result: yes
configure:4780: checking execinfo.h presence
configure:4790: gcc -E  conftest.c
configure:4796: $? = 0
configure:4816: result: yes
configure:4851: checking for execinfo.h
configure:4858: result: yes
configure:4880: checking for inflate in -lz
configure:4910: gcc -o conftest -g -O2   conftest.c -lz   >&5
configure:4916: $? = 0
configure:4919: test -z 			 || test ! -s conftest.err
configure:4922: $? = 0
configure:4925: test -s conftest
configure:4928: $? = 0
configure:4941: result: yes
configure:4962: checking zlib.h usability
configure:4974: gcc -c -g -O2  conftest.c >&5
configure:4980: $? = 0
configure:4983: test -z 			 || test ! -s conftest.err
configure:4986: $? = 0
configure:4989: test -s conftest.o
configure:4992: $? = 0
configure:5002: result: yes
configure:5006: checking zlib.h presence
configure:5016: gcc -E  conftest.c
configure:5022: $? = 0
configure:5042: result: yes
configure:5077: checking for zlib.h
configure:5084: result: yes
configure:5114: WARNING: makedepend not available, rebuilds may be incomplete
configure:5213: creating ./config.status

## ---------------------- ##
## Running config.status. ##
## ---------------------- ##

This file was extended by lescegra--image-loader config.status 0.0.20051023, which was
generated by GNU Autoconf 2.59.  Invocation command line was

  CONFIG_FILES    = 
  CONFIG_HEADERS  = 
  CONFIG_LINKS    = 
  CONFIG_COMMANDS = 
  $ ./config.status 

on maurice

config.status:699: creating config.mk
config.status:699: creating Makefile
config.status:764: creating config.h
config.status:886: config.h is unchanged
config.status:1044: executing build_tree commands

## ---------------- ##
## Cache variables. ##
## ---------------- ##

ac_cv_build=i686-pc-linux-gnu
ac_cv_build_alias=i686-pc-linux-gnu
ac_cv_c_bigendian=no
ac_cv_c_compiler_gnu=yes
ac_cv_c_const=yes
ac_cv_c_inline=inline
ac_cv_env_AR_set=
ac_cv_env_AR_value=
ac_cv_env_CC_set=
ac_cv_env_CC_value=
ac_cv_env_CFLAGS_set=
ac_cv_env_CFLAGS_value=
ac_cv_env_CPPFLAGS_set=
ac_cv_env_CPPFLAGS_value=
ac_cv_env_CPP_set=
ac_cv_env_CPP_value=
ac_cv_env_LDFLAGS_set=
ac_cv_env_LDFLAGS_value=
ac_cv_env_MAKEDEPEND_set=
ac_cv_env_MAKEDEPEND_value=
ac_cv_env_NATURALDOCS_set=
ac_cv_env_NATURALDOCS_value=
ac_cv_env_SHELL_set=set
ac_cv_env_SHELL_value=/bin/bash
ac_cv_env_build_alias_set=
ac_cv_env_build_alias_value=
ac_cv_env_host_alias_set=
ac_cv_env_host_alias_value=
ac_cv_env_target_alias_set=
ac_cv_env_target_alias_value=
ac_cv_exeext=
ac_cv_func_fconvert=no
ac_cv_func_fcvt=yes
ac_cv_func_snprintf=yes
ac_cv_func_vsnprintf=yes
ac_cv_header_execinfo_h=yes
ac_cv_header_inttypes_h=yes
ac_cv_header_memory_h=yes
ac_cv_header_stdc=yes
ac_cv_header_stdint_h=yes
ac_cv_header_stdlib_h=yes
ac_cv_header_string_h=yes
ac_cv_header_strings_h=yes
ac_cv_header_sys_stat_h=yes
ac_cv_header_sys_types_h=yes
ac_cv_header_unistd_h=yes
ac_cv_header_zlib_h=yes
ac_cv_host=i686-pc-linux-gnu
ac_cv_host_alias=i686-pc-linux-gnu
ac_cv_lib_z_inflate=yes
ac_cv_objext=o
ac_cv_prog_AR=ar
ac_cv_prog_CPP='gcc -E'
ac_cv_prog_MAKEDEPEND=:
ac_cv_prog_ac_ct_CC=gcc
ac_cv_prog_cc_g=yes
ac_cv_prog_cc_stdc=
ac_cv_prog_egrep='grep -E'
ac_cv_sizeof_int=4
ac_cv_sizeof_long_int=4
ac_cv_sizeof_short_int=2
ac_cv_type_int=yes
ac_cv_type_long_int=yes
ac_cv_type_short_int=yes

## ----------------- ##
## Output variables. ##
## ----------------- ##

AR='ar'
CC='gcc'
CFLAGS='-g -O2'
CPP='gcc -E'
CPPFLAGS=''
DEFS='-DHAVE_CONFIG_H'
ECHO_C=''
ECHO_N='-n'
ECHO_T=''
EGREP='grep -E'
EXEEXT=''
HAVE_LIBZ='yes'
LDFLAGS=''
LIBOBJS=''
LIBS='-lz '
LTLIBOBJS=''
MAKEDEPEND=':'
NATURALDOCS=''
OBJEXT='o'
PACKAGE_BUGREPORT='uebergeek@web.de'
PACKAGE_NAME='lescegra--image-loader'
PACKAGE_STRING='lescegra--image-loader 0.0.20051023'
PACKAGE_TARNAME='lescegra--image-loader'
PACKAGE_VERSION='0.0.20051023'
PATH_SEPARATOR=':'
SHELL='/bin/bash'
ac_ct_CC='gcc'
bindir='${exec_prefix}/bin'
build='i686-pc-linux-gnu'
build_alias=''
build_cpu='i686'
build_os='linux-gnu'
build_vendor='pc'
datadir='${prefix}/share'
exec_prefix='${prefix}'
host='i686-pc-linux-gnu'
host_alias=''
host_cpu='i686'
host_os='linux-gnu'
host_vendor='pc'
includedir='${prefix}/include'
infodir='${prefix}/info'
libdir='${exec_prefix}/lib'
libexecdir='${exec_prefix}/libexec'
localstatedir='${prefix}/var'
mandir='${prefix}/man'
oldincludedir='/usr/include'
prefix='/usr/local'
program_transform_name='s,x,x,'
sbindir='${exec_prefix}/sbin'
sharedstatedir='${prefix}/com'
sysconfdir='${prefix}/etc'
target_alias=''

## ----------- ##
## confdefs.h. ##
## ----------- ##

#define HAVE_EXECINFO_H 1
#define HAVE_FCVT 1
#define HAVE_INTTYPES_H 1
#define HAVE_LIBZ 1
#define HAVE_MEMORY_H 1
#define HAVE_SNPRINTF 1
#define HAVE_STDINT_H 1
#define HAVE_STDLIB_H 1
#define HAVE_STRINGS_H 1
#define HAVE_STRING_H 1
#define HAVE_SYS_STAT_H 1
#define HAVE_SYS_TYPES_H 1
#define HAVE_UNISTD_H 1
#define HAVE_VSNPRINTF 1
#define PACKAGE_BUGREPORT "uebergeek@web.de"
#define PACKAGE_NAME "lescegra--image-loader"
#define PACKAGE_STRING "lescegra--image-loader 0.0.20051023"
#define PACKAGE_TARNAME "lescegra--image-loader"
#define PACKAGE_VERSION "0.0.20051023"
#define PKG_MAINTAINER "Enno Cramer <uebergeek@web.de>"
#define PKG_REVISION "unknown"
#define SIZEOF_INT 4
#define SIZEOF_LONG_INT 4
#define SIZEOF_SHORT_INT 2
#define STDC_HEADERS 1

configure: exit 0
